[debug] [2022-02-01T05:51:51.688Z] ----------------------------------------------------------------------
[debug] [2022-02-01T05:51:51.689Z] Command:       /Users/ren/.nodebrew/node/v16.13.2/bin/node /Users/ren/.nodebrew/current/bin/firebase emulators:start
[debug] [2022-02-01T05:51:51.690Z] CLI Version:   10.1.3
[debug] [2022-02-01T05:51:51.690Z] Platform:      darwin
[debug] [2022-02-01T05:51:51.690Z] Node Version:  v16.13.2
[debug] [2022-02-01T05:51:51.692Z] Time:          Tue Feb 01 2022 14:51:51 GMT+0900 (日本標準時)
[debug] [2022-02-01T05:51:51.693Z] ----------------------------------------------------------------------
[debug] 
[debug] [2022-02-01T05:51:51.800Z] > command requires scopes: ["email","openid","https://www.googleapis.com/auth/cloudplatformprojects.readonly","https://www.googleapis.com/auth/firebase","https://www.googleapis.com/auth/cloud-platform"]
[debug] [2022-02-01T05:51:51.802Z] > authorizing via signed-in user (drrr0502@gmail.com)
[info] i  emulators: Starting emulators: auth, functions, firestore, hosting, storage {"metadata":{"emulator":{"name":"hub"},"message":"Starting emulators: auth, functions, firestore, hosting, storage"}}
[debug] [2022-02-01T05:51:51.844Z] [hub] writing locator at /var/folders/19/b3y5swk53mzbj1vjsrhwvzp00000gn/T/hub-spring-training-2022.json
[warn] ⚠  functions: The following emulators are not running, calls to these services from the Functions emulator will affect production: database, pubsub {"metadata":{"emulator":{"name":"functions"},"message":"The following emulators are not running, calls to these services from the Functions emulator will affect production: \u001b[1mdatabase, pubsub\u001b[22m"}}
[info] ✔  functions: Using node@16 from host. {"metadata":{"emulator":{"name":"functions"},"message":"Using node@16 from host."}}
[debug] [2022-02-01T05:51:51.891Z] defaultcredentials: writing to file /Users/ren/.config/firebase/drrr0502_gmail_com_application_default_credentials.json
[debug] [2022-02-01T05:51:51.894Z] Setting GAC to /Users/ren/.config/firebase/drrr0502_gmail_com_application_default_credentials.json {"metadata":{"emulator":{"name":"functions"},"message":"Setting GAC to /Users/ren/.config/firebase/drrr0502_gmail_com_application_default_credentials.json"}}
[debug] [2022-02-01T05:51:51.897Z] >>> [apiv2][query] GET https://firebase.googleapis.com/v1beta1/projects/spring-training-2022/adminSdkConfig [none]
[debug] [2022-02-01T05:51:52.300Z] <<< [apiv2][status] GET https://firebase.googleapis.com/v1beta1/projects/spring-training-2022/adminSdkConfig 200
[debug] [2022-02-01T05:51:52.302Z] <<< [apiv2][body] GET https://firebase.googleapis.com/v1beta1/projects/spring-training-2022/adminSdkConfig {"projectId":"spring-training-2022","databaseURL":"https://spring-training-2022-default-rtdb.asia-southeast1.firebasedatabase.app","storageBucket":"spring-training-2022.appspot.com","locationId":"asia-northeast1"}
[debug] [2022-02-01T05:51:52.358Z] Ignoring unsupported arg: projectId {"metadata":{"emulator":{"name":"firestore"},"message":"Ignoring unsupported arg: projectId"}}
[debug] [2022-02-01T05:51:52.359Z] Ignoring unsupported arg: auto_download {"metadata":{"emulator":{"name":"firestore"},"message":"Ignoring unsupported arg: auto_download"}}
[debug] [2022-02-01T05:51:52.359Z] Starting Firestore Emulator with command {"binary":"java","args":["-Dgoogle.cloud_firestore.debug_log_level=FINE","-Duser.language=en","-jar","/Users/ren/.cache/firebase/emulators/cloud-firestore-emulator-v1.13.1.jar","--host","localhost","--port",8080,"--rules","/Users/ren/myjlab/spring_training_page/firestore.rules","--functions_emulator","localhost:9999"],"optionalArgs":["port","webchannel_port","host","rules","functions_emulator","seed_from_export"],"joinArgs":false} {"metadata":{"emulator":{"name":"firestore"},"message":"Starting Firestore Emulator with command {\"binary\":\"java\",\"args\":[\"-Dgoogle.cloud_firestore.debug_log_level=FINE\",\"-Duser.language=en\",\"-jar\",\"/Users/ren/.cache/firebase/emulators/cloud-firestore-emulator-v1.13.1.jar\",\"--host\",\"localhost\",\"--port\",8080,\"--rules\",\"/Users/ren/myjlab/spring_training_page/firestore.rules\",\"--functions_emulator\",\"localhost:9999\"],\"optionalArgs\":[\"port\",\"webchannel_port\",\"host\",\"rules\",\"functions_emulator\",\"seed_from_export\"],\"joinArgs\":false}"}}
[info] i  firestore: Firestore Emulator logging to firestore-debug.log {"metadata":{"emulator":{"name":"firestore"},"message":"Firestore Emulator logging to \u001b[1mfirestore-debug.log\u001b[22m"}}
[debug] [2022-02-01T05:51:53.710Z] Feb 01, 2022 2:51:53 PM com.google.cloud.datastore.emulator.firestore.websocket.WebSocketServer start
INFO: Started WebSocket server on ws://localhost:55723
 {"metadata":{"emulator":{"name":"firestore"},"message":"Feb 01, 2022 2:51:53 PM com.google.cloud.datastore.emulator.firestore.websocket.WebSocketServer start\nINFO: Started WebSocket server on ws://localhost:55723\n"}}
[debug] [2022-02-01T05:51:53.728Z] API endpoint: http://localhost:8080 {"metadata":{"emulator":{"name":"firestore"},"message":"API endpoint: http://localhost:8080"}}
[debug] [2022-02-01T05:51:53.730Z] 
If you are using a library that supports the FIRESTORE_EMULATOR_HOST environment variable, run:

   export FIRESTORE_EMULATOR_HOST=localhost:8080

Dev App Server is now running.

 {"metadata":{"emulator":{"name":"firestore"},"message":"\nIf you are using a library that supports the FIRESTORE_EMULATOR_HOST environment variable, run:\n\n   export FIRESTORE_EMULATOR_HOST=localhost:8080\n\nDev App Server is now running.\n\n"}}
